{"uid":"c9cb7fbab57f366a","name":"test_hotel_user_past_booking","fullName":"test.test_hootel.TestHootel#test_hotel_user_past_booking","historyId":"e5e74ea2a7b86847bd7610600dd36db5","time":{"start":1705251782172,"stop":1705251782183,"duration":11},"status":"broken","statusMessage":"selenium.common.exceptions.NoSuchElementException: Message: no such element: Unable to locate element: {\"method\":\"css selector\",\"selector\":\"[id=\"user-bookings\"]\"}\n  (Session info: chrome-headless-shell=120.0.6099.199); For documentation on this error, please visit: https://www.selenium.dev/documentation/webdriver/troubleshooting/errors#no-such-element-exception\nStacktrace:\n#0 0x561af42b3f83 <unknown>\n#1 0x561af3f6ccf7 <unknown>\n#2 0x561af3fbc99e <unknown>\n#3 0x561af3fbcaa1 <unknown>\n#4 0x561af4007d64 <unknown>\n#5 0x561af3fe60dd <unknown>\n#6 0x561af4005006 <unknown>\n#7 0x561af3fe5e53 <unknown>\n#8 0x561af3faddd4 <unknown>\n#9 0x561af3faf1de <unknown>\n#10 0x561af4278531 <unknown>\n#11 0x561af427c455 <unknown>\n#12 0x561af4264f55 <unknown>\n#13 0x561af427d0ef <unknown>\n#14 0x561af424899f <unknown>\n#15 0x561af42a1008 <unknown>\n#16 0x561af42a11d7 <unknown>\n#17 0x561af42b3124 <unknown>\n#18 0x7f9cd0894ac3 <unknown>","statusTrace":"self = <test_hootel.TestHootel object at 0x7f2e27fba5f0>\n\n    def test_hotel_user_past_booking(self):\n>       booking_btn = self.browser.find_element(By.ID, 'user-bookings')\n\ntest/test_hootel.py:74: \n_ _ _ _ _ _ _ _ _ _ _ _ _ _ _ _ _ _ _ _ _ _ _ _ _ _ _ _ _ _ _ _ _ _ _ _ _ _ _ _ \n/opt/hostedtoolcache/Python/3.10.13/x64/lib/python3.10/site-packages/selenium/webdriver/remote/webdriver.py:742: in find_element\n    return self.execute(Command.FIND_ELEMENT, {\"using\": by, \"value\": value})[\"value\"]\n/opt/hostedtoolcache/Python/3.10.13/x64/lib/python3.10/site-packages/selenium/webdriver/remote/webdriver.py:348: in execute\n    self.error_handler.check_response(response)\n_ _ _ _ _ _ _ _ _ _ _ _ _ _ _ _ _ _ _ _ _ _ _ _ _ _ _ _ _ _ _ _ _ _ _ _ _ _ _ _ \n\nself = <selenium.webdriver.remote.errorhandler.ErrorHandler object at 0x7f2e27eb3af0>\nresponse = {'status': 404, 'value': '{\"value\":{\"error\":\"no such element\",\"message\":\"no such element: Unable to locate element: {\\...\\\\n#16 0x561af42a11d7 \\\\u003Cunknown>\\\\n#17 0x561af42b3124 \\\\u003Cunknown>\\\\n#18 0x7f9cd0894ac3 \\\\u003Cunknown>\\\\n\"}}'}\n\n    def check_response(self, response: Dict[str, Any]) -> None:\n        \"\"\"Checks that a JSON response from the WebDriver does not have an\n        error.\n    \n        :Args:\n         - response - The JSON response from the WebDriver server as a dictionary\n           object.\n    \n        :Raises: If the response contains an error message.\n        \"\"\"\n        status = response.get(\"status\", None)\n        if not status or status == ErrorCode.SUCCESS:\n            return\n        value = None\n        message = response.get(\"message\", \"\")\n        screen: str = response.get(\"screen\", \"\")\n        stacktrace = None\n        if isinstance(status, int):\n            value_json = response.get(\"value\", None)\n            if value_json and isinstance(value_json, str):\n                import json\n    \n                try:\n                    value = json.loads(value_json)\n                    if len(value) == 1:\n                        value = value[\"value\"]\n                    status = value.get(\"error\", None)\n                    if not status:\n                        status = value.get(\"status\", ErrorCode.UNKNOWN_ERROR)\n                        message = value.get(\"value\") or value.get(\"message\")\n                        if not isinstance(message, str):\n                            value = message\n                            message = message.get(\"message\")\n                    else:\n                        message = value.get(\"message\", None)\n                except ValueError:\n                    pass\n    \n        exception_class: Type[WebDriverException]\n        e = ErrorCode()\n        error_codes = [item for item in dir(e) if not item.startswith(\"__\")]\n        for error_code in error_codes:\n            error_info = getattr(ErrorCode, error_code)\n            if isinstance(error_info, list) and status in error_info:\n                exception_class = getattr(ExceptionMapping, error_code, WebDriverException)\n                break\n        else:\n            exception_class = WebDriverException\n    \n        if not value:\n            value = response[\"value\"]\n        if isinstance(value, str):\n            raise exception_class(value)\n        if message == \"\" and \"message\" in value:\n            message = value[\"message\"]\n    \n        screen = None  # type: ignore[assignment]\n        if \"screen\" in value:\n            screen = value[\"screen\"]\n    \n        stacktrace = None\n        st_value = value.get(\"stackTrace\") or value.get(\"stacktrace\")\n        if st_value:\n            if isinstance(st_value, str):\n                stacktrace = st_value.split(\"\\n\")\n            else:\n                stacktrace = []\n                try:\n                    for frame in st_value:\n                        line = frame.get(\"lineNumber\", \"\")\n                        file = frame.get(\"fileName\", \"<anonymous>\")\n                        if line:\n                            file = f\"{file}:{line}\"\n                        meth = frame.get(\"methodName\", \"<anonymous>\")\n                        if \"className\" in frame:\n                            meth = f\"{frame['className']}.{meth}\"\n                        msg = \"    at %s (%s)\"\n                        msg = msg % (meth, file)\n                        stacktrace.append(msg)\n                except TypeError:\n                    pass\n        if exception_class == UnexpectedAlertPresentException:\n            alert_text = None\n            if \"data\" in value:\n                alert_text = value[\"data\"].get(\"text\")\n            elif \"alert\" in value:\n                alert_text = value[\"alert\"].get(\"text\")\n            raise exception_class(message, screen, stacktrace, alert_text)  # type: ignore[call-arg]  # mypy is not smart enough here\n>       raise exception_class(message, screen, stacktrace)\nE       selenium.common.exceptions.NoSuchElementException: Message: no such element: Unable to locate element: {\"method\":\"css selector\",\"selector\":\"[id=\"user-bookings\"]\"}\nE         (Session info: chrome-headless-shell=120.0.6099.199); For documentation on this error, please visit: https://www.selenium.dev/documentation/webdriver/troubleshooting/errors#no-such-element-exception\nE       Stacktrace:\nE       #0 0x561af42b3f83 <unknown>\nE       #1 0x561af3f6ccf7 <unknown>\nE       #2 0x561af3fbc99e <unknown>\nE       #3 0x561af3fbcaa1 <unknown>\nE       #4 0x561af4007d64 <unknown>\nE       #5 0x561af3fe60dd <unknown>\nE       #6 0x561af4005006 <unknown>\nE       #7 0x561af3fe5e53 <unknown>\nE       #8 0x561af3faddd4 <unknown>\nE       #9 0x561af3faf1de <unknown>\nE       #10 0x561af4278531 <unknown>\nE       #11 0x561af427c455 <unknown>\nE       #12 0x561af4264f55 <unknown>\nE       #13 0x561af427d0ef <unknown>\nE       #14 0x561af424899f <unknown>\nE       #15 0x561af42a1008 <unknown>\nE       #16 0x561af42a11d7 <unknown>\nE       #17 0x561af42b3124 <unknown>\nE       #18 0x7f9cd0894ac3 <unknown>\n\n/opt/hostedtoolcache/Python/3.10.13/x64/lib/python3.10/site-packages/selenium/webdriver/remote/errorhandler.py:229: NoSuchElementException","flaky":false,"newFailed":false,"newBroken":false,"newPassed":false,"retriesCount":0,"retriesStatusChange":false,"beforeStages":[{"name":"_xunit_setup_method_fixture_TestHootel","time":{"start":1705251779400,"stop":1705251782172,"duration":2772},"status":"passed","steps":[],"attachments":[],"parameters":[],"shouldDisplayMessage":false,"stepsCount":0,"attachmentsCount":0,"hasContent":false,"attachmentStep":false}],"afterStages":[{"name":"_xunit_setup_method_fixture_TestHootel::0","time":{"start":1705251782205,"stop":1705251782262,"duration":57},"status":"passed","steps":[],"attachments":[],"parameters":[],"shouldDisplayMessage":false,"stepsCount":0,"attachmentsCount":0,"hasContent":false,"attachmentStep":false}],"labels":[{"name":"parentSuite","value":"test"},{"name":"suite","value":"test_hootel"},{"name":"subSuite","value":"TestHootel"},{"name":"host","value":"fv-az714-363"},{"name":"thread","value":"2177-MainThread"},{"name":"framework","value":"pytest"},{"name":"language","value":"cpython3"},{"name":"package","value":"test.test_hootel"},{"name":"resultFormat","value":"allure2"}],"parameters":[],"links":[],"hidden":false,"retry":false,"extra":{"severity":"normal","retries":[],"categories":[{"name":"Test defects","matchedStatuses":[],"flaky":false}],"tags":[]},"source":"c9cb7fbab57f366a.json","parameterValues":[]}